<?xml version="1.0" encoding="UTF-8"?>
<!-- Generated by org.testng.reporters.JUnitReportReporter -->
<testsuite hostname="DESKTOP-8O9RLK1" failures="0" tests="4" name="com.Testcases1.TC01_Get_UserDetails" time="0.075" errors="0" timestamp="2020-05-06T13:39:39 IST" skipped="0">
  <testcase classname="com.Testcases1.TC01_Get_UserDetails" name="validate_responsebody" time="0.060"/>
  <system-out/>
  <testcase classname="com.Testcases1.TC01_Get_UserDetails" name="validate_statuscode" time="0.007"/>
  <system-out/>
  <testcase classname="com.Testcases1.TC01_Get_UserDetails" name="validate_headers" time="0.003"/>
  <system-out/>
  <testcase classname="com.Testcases1.TC01_Get_UserDetails" name="validate_AllHeaders" time="0.005"/>
  <system-out/>
</testsuite> <!-- com.Testcases1.TC01_Get_UserDetails -->
