<?xml version="1.0" encoding="UTF-8"?>
<!-- Generated by org.testng.reporters.JUnitReportReporter -->
<testsuite hostname="DESKTOP-8O9RLK1" failures="0" tests="1" name="com.RestAssuredTests.Demo3_BDD" time="2.980" errors="0" timestamp="2020-04-29T11:55:01 IST" skipped="0">
  <testcase classname="com.RestAssuredTests.Demo3_BDD" name="puttest" time="2.980"/>
  <system-out/>
</testsuite> <!-- com.RestAssuredTests.Demo3_BDD -->
