<?xml version="1.0" encoding="UTF-8"?>
<!-- Generated by org.testng.reporters.JUnitReportReporter -->
<testsuite hostname="DESKTOP-8O9RLK1" failures="0" tests="1" name="com.RestAssuredTests.Demo2_BDD" time="2.807" errors="0" timestamp="2020-04-28T23:14:34 IST" skipped="0">
  <testcase classname="com.RestAssuredTests.Demo2_BDD" name="testpost" time="2.807"/>
  <system-out/>
</testsuite> <!-- com.RestAssuredTests.Demo2_BDD -->
