<?xml version="1.0" encoding="UTF-8"?>
<!-- Generated by org.testng.reporters.JUnitReportReporter -->
<testsuite hostname="DESKTOP-8O9RLK1" failures="0" tests="2" name="com.user.testcases1.TC05_PUT_UpdateUser" time="0.128" errors="0" timestamp="2020-05-06T22:34:42 IST" skipped="0">
  <testcase classname="com.user.testcases1.TC05_PUT_UpdateUser" name="validate_response" time="0.124"/>
  <system-out/>
  <testcase classname="com.user.testcases1.TC05_PUT_UpdateUser" name="validate_status" time="0.004"/>
  <system-out/>
</testsuite> <!-- com.user.testcases1.TC05_PUT_UpdateUser -->
