<?xml version="1.0" encoding="UTF-8"?>
<!-- Generated by org.testng.reporters.JUnitReportReporter -->
<testsuite hostname="DESKTOP-8O9RLK1" failures="0" tests="1" name="com.Testcases1.TC06_DELETE_User" time="0.039" errors="0" timestamp="2020-05-06T13:47:46 IST" skipped="0">
  <testcase classname="com.Testcases1.TC06_DELETE_User" name="checkResponseBody" time="0.039"/>
  <system-out/>
</testsuite> <!-- com.Testcases1.TC06_DELETE_User -->
