<?xml version="1.0" encoding="UTF-8"?>
<!-- Generated by org.testng.reporters.JUnitReportReporter -->
<testsuite hostname="DESKTOP-8O9RLK1" failures="0" tests="2" name="com.user.testcases1.TC03_GET_SingleUser_NotFound" time="0.011" errors="0" timestamp="2020-05-06T22:34:42 IST" skipped="0">
  <testcase classname="com.user.testcases1.TC03_GET_SingleUser_NotFound" name="validate_responsebody" time="0.008"/>
  <system-out/>
  <testcase classname="com.user.testcases1.TC03_GET_SingleUser_NotFound" name="validate_statuscode" time="0.003"/>
  <system-out/>
</testsuite> <!-- com.user.testcases1.TC03_GET_SingleUser_NotFound -->
