<?xml version="1.0" encoding="UTF-8"?>
<!-- Generated by org.testng.reporters.JUnitReportReporter -->
<testsuite hostname="DESKTOP-8O9RLK1" failures="0" tests="1" name="com.user.testcases1.TC06_DELETE_User" time="0.018" errors="0" timestamp="2020-05-06T22:34:42 IST" skipped="0">
  <testcase classname="com.user.testcases1.TC06_DELETE_User" name="checkResponseBody" time="0.018"/>
  <system-out/>
</testsuite> <!-- com.user.testcases1.TC06_DELETE_User -->
