<?xml version="1.0" encoding="UTF-8"?>
<!-- Generated by org.testng.reporters.JUnitReportReporter -->
<testsuite hostname="DESKTOP-8O9RLK1" failures="0" tests="2" name="com.Testcases1.TC02_GET_SingleUser" time="0.074" errors="0" timestamp="2020-05-06T13:39:16 IST" skipped="0">
  <testcase classname="com.Testcases1.TC02_GET_SingleUser" name="validate_reponsebody" time="0.070"/>
  <system-out/>
  <testcase classname="com.Testcases1.TC02_GET_SingleUser" name="validate_ResponseTime" time="0.004"/>
  <system-out/>
</testsuite> <!-- com.Testcases1.TC02_GET_SingleUser -->
