<?xml version="1.0" encoding="UTF-8"?>
<!-- Generated by org.testng.reporters.JUnitReportReporter -->
<testsuite hostname="DESKTOP-8O9RLK1" failures="0" tests="1" name="com.RestAssuredTests.Demo1_BDD" time="3.970" errors="0" timestamp="2020-04-29T14:44:41 IST" skipped="0">
  <testcase classname="com.RestAssuredTests.Demo1_BDD" name="Get_req" time="3.970"/>
  <system-out/>
</testsuite> <!-- com.RestAssuredTests.Demo1_BDD -->
