<?xml version="1.0" encoding="UTF-8"?>
<!-- Generated by org.testng.reporters.JUnitReportReporter -->
<testsuite hostname="DESKTOP-8O9RLK1" failures="0" tests="1" name="com.RestAssuredTests.Demo4_BDD" time="5.732" errors="0" timestamp="2020-05-06T11:47:38 IST" skipped="0">
  <testcase classname="com.RestAssuredTests.Demo4_BDD" name="delete_req" time="5.732"/>
  <system-out/>
</testsuite> <!-- com.RestAssuredTests.Demo4_BDD -->
