<?xml version="1.0" encoding="UTF-8"?>
<!-- Generated by org.testng.reporters.JUnitReportReporter -->
<testsuite hostname="DESKTOP-8O9RLK1" failures="0" tests="2" name="com.user.testcases1.TC04_POST_User" time="0.897" errors="0" timestamp="2020-05-06T22:34:42 IST" skipped="0">
  <testcase classname="com.user.testcases1.TC04_POST_User" name="statuscode" time="0.006"/>
  <system-out/>
  <testcase classname="com.user.testcases1.TC04_POST_User" name="validate_response" time="0.891"/>
  <system-out/>
</testsuite> <!-- com.user.testcases1.TC04_POST_User -->
