<?xml version="1.0" encoding="UTF-8"?>
<!-- Generated by org.testng.reporters.JUnitReportReporter -->
<testsuite hostname="DESKTOP-8O9RLK1" failures="0" tests="2" name="com.user.testcases1.TC02_GET_SingleUser" time="0.009" errors="0" timestamp="2020-05-06T22:34:42 IST" skipped="0">
  <testcase classname="com.user.testcases1.TC02_GET_SingleUser" name="validate_reponsebody" time="0.006"/>
  <system-out/>
  <testcase classname="com.user.testcases1.TC02_GET_SingleUser" name="validate_ResponseTime" time="0.003"/>
  <system-out/>
</testsuite> <!-- com.user.testcases1.TC02_GET_SingleUser -->
