<?xml version="1.0" encoding="UTF-8"?>
<!-- Generated by org.testng.reporters.JUnitReportReporter -->
<testsuite hostname="DESKTOP-8O9RLK1" failures="0" tests="4" name="com.RestAssuredTests.Demo5_BDD_BasicValidation" time="7.499" errors="0" timestamp="2020-04-29T14:50:13 IST" skipped="0">
  <testcase classname="com.RestAssuredTests.Demo5_BDD_BasicValidation" name="teststatuscode" time="3.557"/>
  <system-out/>
  <testcase classname="com.RestAssuredTests.Demo5_BDD_BasicValidation" name="testSingleContent" time="1.953"/>
  <system-out/>
  <testcase classname="com.RestAssuredTests.Demo5_BDD_BasicValidation" name="testparamandHeaders" time="1.125"/>
  <system-out/>
  <testcase classname="com.RestAssuredTests.Demo5_BDD_BasicValidation" name="testMultipleContent" time="0.864"/>
  <system-out/>
</testsuite> <!-- com.RestAssuredTests.Demo5_BDD_BasicValidation -->
