<?xml version="1.0" encoding="UTF-8"?>
<!-- Generated by org.testng.reporters.JUnitReportReporter -->
<testsuite hostname="DESKTOP-8O9RLK1" failures="0" tests="4" name="com.RestAssuredTests.Demo6_BDD_BasicsXML" time="6.382" errors="0" timestamp="2020-04-29T15:19:29 IST" skipped="0">
  <testcase classname="com.RestAssuredTests.Demo6_BDD_BasicsXML" name="testXpath2" time="0.768"/>
  <system-out/>
  <testcase classname="com.RestAssuredTests.Demo6_BDD_BasicsXML" name="testXpath" time="2.981"/>
  <system-out/>
  <testcase classname="com.RestAssuredTests.Demo6_BDD_BasicsXML" name="testsinglecontent" time="0.848"/>
  <system-out/>
  <testcase classname="com.RestAssuredTests.Demo6_BDD_BasicsXML" name="testcontent" time="1.785"/>
  <system-out/>
</testsuite> <!-- com.RestAssuredTests.Demo6_BDD_BasicsXML -->
