<?xml version="1.0" encoding="UTF-8"?>
<!-- Generated by org.testng.reporters.JUnitReportReporter -->
<testsuite hostname="DESKTOP-8O9RLK1" failures="0" tests="4" name="com.user.testcases1.TC01_Get_UserDetails" time="0.108" errors="0" timestamp="2020-05-06T22:34:42 IST" skipped="0">
  <testcase classname="com.user.testcases1.TC01_Get_UserDetails" name="validate_responsebody" time="0.076"/>
  <system-out/>
  <testcase classname="com.user.testcases1.TC01_Get_UserDetails" name="validate_statuscode" time="0.016"/>
  <system-out/>
  <testcase classname="com.user.testcases1.TC01_Get_UserDetails" name="validate_headers" time="0.005"/>
  <system-out/>
  <testcase classname="com.user.testcases1.TC01_Get_UserDetails" name="validate_AllHeaders" time="0.011"/>
  <system-out/>
</testsuite> <!-- com.user.testcases1.TC01_Get_UserDetails -->
