<?xml version="1.0" encoding="UTF-8"?>
<!-- Generated by org.testng.reporters.JUnitReportReporter -->
<testsuite hostname="DESKTOP-8O9RLK1" failures="0" tests="3" name="DataDriven_Package.TestCase2_DD" time="6.545" errors="0" timestamp="2020-04-19T15:14:54 IST" skipped="0">
  <testcase classname="DataDriven_Package.TestCase2_DD" name="postAddEmps" time="4.688"/>
  <system-out/>
  <testcase classname="DataDriven_Package.TestCase2_DD" name="postAddEmps" time="0.880"/>
  <system-out/>
  <testcase classname="DataDriven_Package.TestCase2_DD" name="postAddEmps" time="0.977"/>
  <system-out/>
</testsuite> <!-- DataDriven_Package.TestCase2_DD -->
