<?xml version="1.0" encoding="UTF-8"?>
<!-- Generated by org.testng.reporters.JUnitReportReporter -->
<testsuite hostname="DESKTOP-8O9RLK1" failures="0" tests="7" name="com.employeeapi.testCases.TC001_GET_Employees" time="0.089" errors="0" timestamp="2020-04-25T23:05:53 IST" skipped="0">
  <testcase classname="com.employeeapi.testCases.TC001_GET_Employees" name="checkReponsetime" time="0.010"/>
  <system-out/>
  <testcase classname="com.employeeapi.testCases.TC001_GET_Employees" name="checkcontenttype" time="0.001"/>
  <system-out/>
  <testcase classname="com.employeeapi.testCases.TC001_GET_Employees" name="checkcontentencoding" time="0.007"/>
  <system-out/>
  <testcase classname="com.employeeapi.testCases.TC001_GET_Employees" name="checkStatusCode" time="0.003"/>
  <system-out/>
  <testcase classname="com.employeeapi.testCases.TC001_GET_Employees" name="checkServer" time="0.005"/>
  <system-out/>
  <testcase classname="com.employeeapi.testCases.TC001_GET_Employees" name="checkResponseBody" time="0.059"/>
  <system-out/>
  <testcase classname="com.employeeapi.testCases.TC001_GET_Employees" name="checkStatusLine" time="0.004"/>
  <system-out/>
</testsuite> <!-- com.employeeapi.testCases.TC001_GET_Employees -->
