<?xml version="1.0" encoding="UTF-8"?>
<!-- Generated by org.testng.reporters.JUnitReportReporter -->
<testsuite hostname="DESKTOP-8O9RLK1" failures="0" tests="1" name="APITesting.com.org.api.Demo2_POST_Req" time="5.978" errors="0" timestamp="2020-04-18T22:27:22 IST" skipped="0">
  <testcase classname="APITesting.com.org.api.Demo2_POST_Req" name="POST_Method" time="5.978"/>
  <system-out/>
</testsuite> <!-- APITesting.com.org.api.Demo2_POST_Req -->
