<?xml version="1.0" encoding="UTF-8"?>
<!-- Generated by org.testng.reporters.JUnitReportReporter -->
<testsuite hostname="DESKTOP-8O9RLK1" failures="0" tests="1" name="DataDriven_Package.TestCase1_DD" time="5.718" errors="0" timestamp="2020-04-20T18:29:56 IST" skipped="0">
  <testcase classname="DataDriven_Package.TestCase1_DD" name="postNewEmp" time="5.718"/>
  <system-out/>
</testsuite> <!-- DataDriven_Package.TestCase1_DD -->
