<?xml version="1.0" encoding="UTF-8"?>
<!-- Generated by org.testng.reporters.JUnitReportReporter -->
<testsuite hostname="DESKTOP-8O9RLK1" failures="0" tests="4" name="com.employeeapi.testCases.TC003_POST_EmployeeRecord" time="0.799" errors="0" timestamp="2020-04-25T23:05:53 IST" skipped="0">
  <testcase classname="com.employeeapi.testCases.TC003_POST_EmployeeRecord" name="checkSuccessStatus" time="0.772"/>
  <system-out/>
  <testcase classname="com.employeeapi.testCases.TC003_POST_EmployeeRecord" name="checkStatusLine" time="0.004"/>
  <system-out/>
  <testcase classname="com.employeeapi.testCases.TC003_POST_EmployeeRecord" name="checkResponseBody" time="0.017"/>
  <system-out/>
  <testcase classname="com.employeeapi.testCases.TC003_POST_EmployeeRecord" name="checkStatusCode" time="0.006"/>
  <system-out/>
</testsuite> <!-- com.employeeapi.testCases.TC003_POST_EmployeeRecord -->
