<?xml version="1.0" encoding="UTF-8"?>
<!-- Generated by org.testng.reporters.JUnitReportReporter -->
<testsuite hostname="DESKTOP-8O9RLK1" failures="0" tests="4" name="DataDriven_Package.TestCase2_DD_Excel" time="6.715" errors="0" timestamp="2020-04-19T16:43:22 IST" skipped="0">
  <testcase classname="DataDriven_Package.TestCase2_DD_Excel" name="postAddEmployees" time="0.869"/>
  <system-out/>
  <testcase classname="DataDriven_Package.TestCase2_DD_Excel" name="postAddEmployees" time="0.822"/>
  <system-out/>
  <testcase classname="DataDriven_Package.TestCase2_DD_Excel" name="postAddEmployees" time="4.189"/>
  <system-out/>
  <testcase classname="DataDriven_Package.TestCase2_DD_Excel" name="postAddEmployees" time="0.835"/>
  <system-out/>
</testsuite> <!-- DataDriven_Package.TestCase2_DD_Excel -->
