<?xml version="1.0" encoding="UTF-8"?>
<!-- Generated by org.testng.reporters.JUnitReportReporter -->
<testsuite hostname="DESKTOP-8O9RLK1" failures="0" tests="1" name="APITesting.com.org.api.Demo1_GET_Req" time="3.792" errors="0" timestamp="2020-04-13T18:09:57 IST" skipped="0">
  <testcase classname="APITesting.com.org.api.Demo1_GET_Req" name="GET_Emp" time="3.792"/>
  <system-out/>
</testsuite> <!-- APITesting.com.org.api.Demo1_GET_Req -->
