<?xml version="1.0" encoding="UTF-8"?>
<!-- Generated by org.testng.reporters.JUnitReportReporter -->
<testsuite hostname="DESKTOP-8O9RLK1" failures="0" tests="3" name="com.employeeapi.testCases.TC002_GET_SingleEmployee" time="0.010" errors="0" timestamp="2020-04-25T23:05:53 IST" skipped="0">
  <testcase classname="com.employeeapi.testCases.TC002_GET_SingleEmployee" name="checkStatusCode" time="0.003"/>
  <system-out/>
  <testcase classname="com.employeeapi.testCases.TC002_GET_SingleEmployee" name="checkContentLength" time="0.004"/>
  <system-out/>
  <testcase classname="com.employeeapi.testCases.TC002_GET_SingleEmployee" name="checkResponseBody" time="0.003"/>
  <system-out/>
</testsuite> <!-- com.employeeapi.testCases.TC002_GET_SingleEmployee -->
